MIT/GNU Scheme running under GNU/Linux
Type `^C' (control-C) followed by `H' to obtain information about interrupts.

Copyright (C) 2022 Massachusetts Institute of Technology
This is free software; see the source for copying conditions. There is NO
warranty; not even for MERCHANTABILITY or FITNESS FOR A PARTICULAR PURPOSE.

Image saved on Friday January 6, 2023 at 10:11:41 PM
  Release 12.1 || SF || LIAR/x86-64

1 ]=> (cd "~/SICP_SDF/SDF_exercises/chapter_4")
;Value: #[pathname 12 "/home/hervey_arch/SICP_SDF/SDF_exercises/chapter_4/"]

1 ]=> (load "../software/sdf/manager/load.scm")
;Loading "../software/sdf/manager/load.scm"...
;  Loading "/home/hervey_arch/SICP_SDF/SDF_exercises/software/sdf/manager/utils.scm"... done
;  Loading "/home/hervey_arch/SICP_SDF/SDF_exercises/software/sdf/manager/filespec.scm"... done
;  Loading "/home/hervey_arch/SICP_SDF/SDF_exercises/software/sdf/manager/env-model.scm"... done
;  Loading "/home/hervey_arch/SICP_SDF/SDF_exercises/software/sdf/manager/simple-analyzer.scm"... done
;  Loading "/home/hervey_arch/SICP_SDF/SDF_exercises/software/sdf/manager/analyze-sections.scm"... done
;  Loading "/home/hervey_arch/SICP_SDF/SDF_exercises/software/sdf/manager/software-manager.scm"... done
;... done
;Value: manage

1 ]=> (manage 'new 'unification)
;Loading "/home/hervey_arch/SICP_SDF/SDF_exercises/software/sdf/common/overrides.scm"... done
;Loading "/home/hervey_arch/SICP_SDF/SDF_exercises/software/sdf/common/utils.scm"... done
;Loading "/home/hervey_arch/SICP_SDF/SDF_exercises/software/sdf/common/indexes.scm"... done
;Loading "/home/hervey_arch/SICP_SDF/SDF_exercises/software/sdf/common/collections.scm"... done
;Loading "/home/hervey_arch/SICP_SDF/SDF_exercises/software/sdf/common/memoizers.scm"... done
;Loading "/home/hervey_arch/SICP_SDF/SDF_exercises/software/sdf/common/predicates.scm"... done
;Loading "/home/hervey_arch/SICP_SDF/SDF_exercises/software/sdf/common/predicate-metadata.scm"... done
;Loading "/home/hervey_arch/SICP_SDF/SDF_exercises/software/sdf/common/applicability.scm"... done
;Loading "/home/hervey_arch/SICP_SDF/SDF_exercises/software/sdf/common/generic-procedures.scm"... done
;Loading "/home/hervey_arch/SICP_SDF/SDF_exercises/software/sdf/common/pretty-printer.scm"... done
;Loading "/home/hervey_arch/SICP_SDF/SDF_exercises/software/sdf/common/operators.scm"... done
;Loading "/home/hervey_arch/SICP_SDF/SDF_exercises/software/sdf/common/operations.scm"... done
;Loading "/home/hervey_arch/SICP_SDF/SDF_exercises/software/sdf/common/package.scm"... done
;Loading "/home/hervey_arch/SICP_SDF/SDF_exercises/software/sdf/common/predicate-counter.scm"... done
;Loading "/home/hervey_arch/SICP_SDF/SDF_exercises/software/sdf/common/simple-tests.scm"... done
;Loading "/home/hervey_arch/SICP_SDF/SDF_exercises/software/sdf/common/trie.scm"... done
;Loading "/home/hervey_arch/SICP_SDF/SDF_exercises/software/sdf/common/match-utils.scm"... done
;Loading "/home/hervey_arch/SICP_SDF/SDF_exercises/software/sdf/unification/unify.scm"... done
;Loading "/home/hervey_arch/SICP_SDF/SDF_exercises/software/sdf/unification/type-resolver.scm"... done
;Value: unification

1 ]=> (load "4_19_lib_for_4_20.scm")
;Loading "4_19_lib_for_4_20.scm"...((y (b b b (?? w) b b b) ??) (x () ??))
((y (b b (?? w) b b) ??) (x (b) ??))
((y (b (?? w) b) ??) (x (b b) ??))
((w () ??) (y () ??) (x (b b b) ??))
((w () ??) (y () ??) (x (b b b) ??))
((y ((?? w)) ??) (x (b b b) ??))
((y () ??) (w () ??) (x (b b b) ??))
((w ((?? y)) ??) (x (b b b) ??))
((w () ??) (y () ??) (x (b b b) ??))
(collector (dict (w () ??) (y () ??) (x (b b b) ??))
           (dict (w ((?? y)) ??) (x (b b b) ??))
           (dict (y () ??) (w () ??) (x (b b b) ??))
           (dict (y ((?? w)) ??) (x (b b b) ??))
           (dict (w () ??) (y () ??) (x (b b b) ??))
           (dict (w () ??) (y () ??) (x (b b b) ??))
           (dict (y (b (?? w) b) ??) (x (b b) ??))
           (dict (y (b b (?? w) b b) ??) (x (b) ??))
           (dict (y (b b b (?? w) b b b) ??) (x () ??)))
((c (m (+ n o) p) ??) (b (z w) ??) (a (x y) ??))
((c (p) ??) (b (n o) ??) (a (x y (+ z w) m) ??))
(collector (dict (c (p) ??) (b (n o) ??) (a (x y (+ z w) m) ??))
           (dict (c (m (+ n o) p) ??) (b (z w) ??) (a (x y) ??)))
(a b b b (?? w) b b b c)
(a b b b (?? w) b b b c)
(a b b b (?? w) b b b c)
(a b b b b b b c)
(a b b b b b b c)
(a b b b (?? w) b b b c)
(a b b b b b b c)
(a b b b (?? y) b b b c)
(a b b b b b b c)
;  Loading "4_19_rename_dict_lib.scm"..."same-dict? test1"
("error for do-substitute" (? seg-var:2 #[compound-procedure seg-var-repr?]) (? w))
#f
;    Loading "../software/sdf/unification/unify-testing.scm"... done
;    Loading "../software/sdf/design-of-the-matcher/matcher.scm"... done
(dict (w (? w) ?))
(dict (w (?? w) ?))
("expected-bindings results:" (?? w) (?? w))
(((dict) (? w) (? w) #t (dict (w (?? w) ?))))
matches-including-expected
;  ... done
"4.19 b test1"
((c (m (+ n o) p) ??) (b (z w) ??) (a (x y) ??))
((c (p) ??) (b (n o) ??) (a (x y (+ z w) m) ??))
"finish collector in unify:collector-wrapper-with-substitution-unique-pairs"
(pairs
 ((* x y (+ z w) m (+ n o) p) dict
                              (c (p) ??)
                              (b (n o) ??)
                              (a (x y (+ z w) m) ??)))
"4.19 b test2"
((y (b b b (?? w) b b b) ??) (x () ??))
((y (b b (?? w) b b) ??) (x (b) ??))
((y (b (?? w) b) ??) (x (b b) ??))
((w () ??) (y () ??) (x (b b b) ??))
((w () ??) (y () ??) (x (b b b) ??))
((y ((?? w)) ??) (x (b b b) ??))
((y () ??) (w () ??) (x (b b b) ??))
((w ((?? y)) ??) (x (b b b) ??))
((w () ??) (y () ??) (x (b b b) ??))
"finish collector in unify:collector-wrapper-with-substitution-unique-pairs"
(pairs ((a b b b b b b c) dict (w () ??) (y () ??) (x (b b b) ??)))
;  Loading "4_19_tree_lib.scm"... done
((y (b b b (?? w) b b b) ??) (x () ??))
((y (b b (?? w) b b) ??) (x (b) ??))
((y (b (?? w) b) ??) (x (b b) ??))
((w () ??) (y () ??) (x (b b b) ??))
((w () ??) (y () ??) (x (b b b) ??))
((y ((?? w)) ??) (x (b b b) ??))
((y () ??) (w () ??) (x (b b b) ??))
((w ((?? y)) ??) (x (b b b) ??))
((w () ??) (y () ??) (x (b b b) ??))
"finish collector in unify:collector-wrapper-with-substitution-unique-pairs"
(pairs ((a b b b (?? y) b b b c) dict (w ((?? y)) ??) (x (b b b) ??))
       ((a b b b b b b c) dict (w () ??) (y () ??) (x (b b b) ??)))
((y (b b b (?? w) b b b) ??) (x () ??))
((y (b b (?? w) b b) ??) (x (b) ??))
((y (b (?? w) b) ??) (x (b b) ??))
((w () ??) (y () ??) (x (b b b) ??))
((w () ??) (y () ??) (x (b b b) ??))
((y ((?? w)) ??) (x (b b b) ??))
((y () ??) (w () ??) (x (b b b) ??))
((w ((?? y)) ??) (x (b b b) ??))
((w () ??) (y () ??) (x (b b b) ??))
"finish collector in unify:collector-wrapper-with-substitution-unique-pairs"
(pairs ((a b b b (?? y) b b b c) dict (w ((?? y)) ??) (x (b b b) ??)))
((y-internal:2-left (5) ???) (y-internal:1-right (3) ???)
                             (y (5 3) ??)
                             (x (4 5) ??))
((y (3) ??) (x (4) ??))
(4 3)
((y-internal:3-right (3) ???) (y ((??? y-internal:4-left) 3) ??)
                              (x (4 (??? y-internal:4-left)) ??))
(4 (??? y-internal:4-left) 3)
;  Loading "4_19_d_tests.scm"...("4_19_d_tests test" 1)
((z-internal:8-left (6) ???) (z-internal:7-right (7) ???)
                             (z (6 7) ??)
                             (y-internal:6-left (5 6) ???)
                             (y-internal:5-right (3) ???)
                             (y (5 6 3) ??)
                             (x (4 5 6) ??))
"finish collector in unify:collector-wrapper-with-substitution-unique-pairs"
(pairs
 (((4 5 6 3) (4 5 6 7) (6 7)) dict
                              (z-internal:8-left (6) ???)
                              (z-internal:7-right (7) ???)
                              (z (6 7) ??)
                              (y-internal:6-left (5 6) ???)
                              (y-internal:5-right (3) ???)
                              (y (5 6 3) ??)
                              (x (4 5 6) ??)))
"---"
("4_19_d_tests test" 2)
((y-internal:10-left ((?? z) 6) ???) (y-internal:9-right (3) ???)
                                     (y ((?? z) 6 3) ??)
                                     (x (4 (?? z) 6) ??))
((y-internal:10-left (6) ???) (z () ??)
                              (y-internal:9-right (3) ???)
                              (y (6 3) ??)
                              (x (4 6) ??))
"finish collector in unify:collector-wrapper-with-substitution-unique-pairs"
(pairs
 (((4 (?? z) 6 3) (4 (?? z) 6 7)) dict
                                  (y-internal:10-left ((?? z) 6) ???)
                                  (y-internal:9-right (3) ???)
                                  (y ((?? z) 6 3) ??)
                                  (x (4 (?? z) 6) ??)))
"---"
("4_19_d_tests test" 3)
((y-internal:12-left (5) ???) (y-internal:11-right (3) ???)
                              (y (5 3) ??)
                              (x (4 5) ??))
"finish collector in unify:collector-wrapper-with-substitution-unique-pairs"
(pairs
 (((4 5 3) (4 5)) dict
                  (y-internal:12-left (5) ???)
                  (y-internal:11-right (3) ???)
                  (y (5 3) ??)
                  (x (4 5) ??)))
"---"
("4_19_d_tests test" 4)
((y () ??) (x (4) ??))
((y-internal:13-right () ???) (y ((??? y-internal:14-left)) ??)
                              (x (4 (??? y-internal:14-left)) ??))
((x (4 (?? y)) ??))
"finish collector in unify:collector-wrapper-with-substitution-unique-pairs"
(pairs (((4 (?? y) 3)) dict (x (4 (?? y)) ??)))
"---"
("4_19_d_tests test" 5)
[Entering #[compound-procedure unify:collector-wrapper-with-substitution-uniqu...
    Args: (((?? x) 3 (?? z) 3))
          ((4 (?? y) (?? y)))
          (dict)
          #[compound-procedure 13]
          #[compound-procedure substitution-instance?]]
[Entering #[compound-procedure unify:collector-wrapper]
    Args: (((?? x) 3 (?? z) 3))
          ((4 (?? y) (?? y)))
          (dict)
          #[compound-procedure 13]]
[Entering #[compound-procedure unify:internal]
    Args: (((?? x) 3 (?? z) 3))
          ((4 (?? y) (?? y)))
          (dict)
          #[compound-procedure 14]]
((z () ??) (y (3) ??) (x (4) ??))
((z () ??) (y (3) ??) (x (4) ??))
((z-internal:16-left () ???) (z-internal:15-right () ???)
                             (z () ??)
                             (y (3) ??)
                             (x (4) ??))
((z-internal:16-left (3) ???) (z-internal:15-right (3) ???)
                              (z (3 3) ??)
                              (y (3 3) ??)
                              (x (4) ??))
((z-internal:16-left-internal:17-right (3) ???)
 (z-internal:16-left ((??? z-internal:16-left-internal:18-left) 3) ???)
 (z-internal:15-right (3 (??? z-internal:16-left-internal:18-left)) ???)
 (z
  ((??? z-internal:16-left-internal:18-left)
   3
   3
   (??? z-internal:16-left-internal:18-left))
  ??)
 (y (3 (??? z-internal:16-left-internal:18-left) 3) ??)
 (x (4) ??))
((z-internal:16-left () ???) (z-internal:15-right () ???)
                             (z () ??)
                             (y (3) ??)
                             (x (4) ??))
((z-internal:16-left (3) ???) (z-internal:15-right (3) ???)
                              (z (3 3) ??)
                              (y (3 3) ??)
                              (x (4) ??))
((z-internal:16-left-internal:19-right (3) ???)
 (z-internal:16-left ((??? z-internal:16-left-internal:20-left) 3) ???)
 (z-internal:15-right (3 (??? z-internal:16-left-internal:20-left)) ???)
 (z
  ((??? z-internal:16-left-internal:20-left)
   3
   3
   (??? z-internal:16-left-internal:20-left))
  ??)
 (y (3 (??? z-internal:16-left-internal:20-left) 3) ??)
 (x (4) ??))
((z () ??) (y (3) ??) (x (4) ??))
((y-internal:22-left (3 (?? z) 3) ???) (y-internal:21-right () ???)
                                       (y (3 (?? z) 3) ??)
                                       (x (4 3 (?? z) 3) ??))
((z () ??) (y-internal:22-left () ???)
           (y-internal:21-right (3) ???)
           (y (3) ??)
           (x (4) ??))
((y-internal:22-left ((?? z)) ???) (y-internal:21-right (3) ???)
                                   (y ((?? z) 3) ??)
                                   (x (4 (?? z)) ??))
((y-internal:22-left () ???) (z () ??)
                             (y-internal:21-right (3) ???)
                             (y (3) ??)
                             (x (4) ??))
((z ((??? y-internal:22-left)) ??) (y-internal:21-right (3) ???)
                                   (y ((??? y-internal:22-left) 3) ??)
                                   (x (4 (??? y-internal:22-left)) ??))
((y-internal:22-left () ???) (z () ??)
                             (y-internal:21-right (3) ???)
                             (y (3) ??)
                             (x (4) ??))
((z ((??? y-internal:22-left)) ??) (y-internal:21-right (3) ???)
                                   (y ((??? y-internal:22-left) 3) ??)
                                   (x (4 (??? y-internal:22-left)) ??))
((z-internal:26-left () ???) (z-internal:25-right () ???)
                             (y-internal:22-left () ???)
                             (z () ??)
                             (y-internal:21-right (3) ???)
                             (y (3) ??)
                             (x (4) ??))
((z-internal:26-left (3) ???) (z-internal:25-right (3) ???)
                              (y-internal:22-left () ???)
                              (z (3 3) ??)
                              (y-internal:21-right (3 3) ???)
                              (y (3 3) ??)
                              (x (4) ??))
((z-internal:26-left-internal:27-right (3) ???)
 (z-internal:26-left ((??? z-internal:26-left-internal:28-left) 3) ???)
 (z-internal:25-right (3 (??? z-internal:26-left-internal:28-left)) ???)
 (y-internal:22-left () ???)
 (z
  ((??? z-internal:26-left-internal:28-left)
   3
   3
   (??? z-internal:26-left-internal:28-left))
  ??)
 (y-internal:21-right (3 (??? z-internal:26-left-internal:28-left) 3) ???)
 (y (3 (??? z-internal:26-left-internal:28-left) 3) ??)
 (x (4) ??))
((z-internal:26-left () ???)
 (y-internal:22-left ((??? z-internal:25-right)) ???)
 (z ((??? z-internal:25-right)) ??)
 (y-internal:21-right (3) ???)
 (y ((??? z-internal:25-right) 3) ??)
 (x (4 (??? z-internal:25-right)) ??))
((z-internal:26-left () ???) (y-internal:22-left () ???)
                             (z-internal:25-right () ???)
                             (z () ??)
                             (y-internal:21-right (3) ???)
                             (y (3) ??)
                             (x (4) ??))
((z-internal:26-left () ???)
 (z-internal:25-right ((??? y-internal:22-left)) ???)
 (z ((??? y-internal:22-left)) ??)
 (y-internal:21-right (3) ???)
 (y ((??? y-internal:22-left) 3) ??)
 (x (4 (??? y-internal:22-left)) ??))
((z-internal:26-left (3) ???)
 (z-internal:25-right ((??? y-internal:22-left) 3) ???)
 (z (3 (??? y-internal:22-left) 3) ??)
 (y-internal:21-right (3 3) ???)
 (y ((??? y-internal:22-left) 3 3) ??)
 (x (4 (??? y-internal:22-left)) ??))
((z-internal:26-left-internal:29-right (3) ???)
 (z-internal:26-left ((??? z-internal:26-left-internal:30-left) 3) ???)
 (z-internal:25-right
  ((??? y-internal:22-left) 3 (??? z-internal:26-left-internal:30-left))
  ???)
 (z
  ((??? z-internal:26-left-internal:30-left)
   3
   (??? y-internal:22-left)
   3
   (??? z-internal:26-left-internal:30-left))
  ??)
 (y-internal:21-right (3 (??? z-internal:26-left-internal:30-left) 3) ???)
 (y ((??? y-internal:22-left) 3 (??? z-internal:26-left-internal:30-left) 3)
    ??)
 (x (4 (??? y-internal:22-left)) ??))
((z-internal:26-left () ???) (y-internal:22-left () ???)
                             (z-internal:25-right () ???)
                             (z () ??)
                             (y-internal:21-right (3) ???)
                             (y (3) ??)
                             (x (4) ??))
((z-internal:26-left () ???)
 (z-internal:25-right ((??? y-internal:22-left)) ???)
 (z ((??? y-internal:22-left)) ??)
 (y-internal:21-right (3) ???)
 (y ((??? y-internal:22-left) 3) ??)
 (x (4 (??? y-internal:22-left)) ??))
((z-internal:26-left (3) ???)
 (z-internal:25-right ((??? y-internal:22-left) 3) ???)
 (z (3 (??? y-internal:22-left) 3) ??)
 (y-internal:21-right (3 3) ???)
 (y ((??? y-internal:22-left) 3 3) ??)
 (x (4 (??? y-internal:22-left)) ??))
((z-internal:26-left-internal:31-right (3) ???)
 (z-internal:26-left ((??? z-internal:26-left-internal:32-left) 3) ???)
 (z-internal:25-right
  ((??? y-internal:22-left) 3 (??? z-internal:26-left-internal:32-left))
  ???)
 (z
  ((??? z-internal:26-left-internal:32-left)
   3
   (??? y-internal:22-left)
   3
   (??? z-internal:26-left-internal:32-left))
  ??)
 (y-internal:21-right (3 (??? z-internal:26-left-internal:32-left) 3) ???)
 (y ((??? y-internal:22-left) 3 (??? z-internal:26-left-internal:32-left) 3)
    ??)
 (x (4 (??? y-internal:22-left)) ??))
((z () ??) (y-internal:22-left () ???)
           (y-internal:21-right (3) ???)
           (y (3) ??)
           (x (4) ??))
((y (3 (?? z) 3) ??) (x (4 3 (?? z) 3) ??))
((y-internal:35-right (3 (?? z) 3) ???)
 (y ((??? y-internal:36-left) 3 (?? z) 3) ??)
 (x (4 (??? y-internal:36-left) 3 (?? z) 3 (??? y-internal:36-left)) ??))
[#f
      <== #[compound-procedure unify:internal]
    Args: (((?? x) 3 (?? z) 3))
          ((4 (?? y) (?? y)))
          (dict)
          #[compound-procedure 14]]
[(collector (dict (y-internal:35-right (3 (?? z) 3) ???) (y ((??? y-internal:3...
      <== #[compound-procedure unify:collector-wrapper]
    Args: (((?? x) 3 (?? z) 3))
          ((4 (?? y) (?? y)))
          (dict)
          #[compound-procedure 13]]
"finish collector in unify:collector-wrapper-with-substitution-unique-pairs"
[Entering #[compound-procedure substitution-instance?]
    Args: ((4 (??? y-internal:36-left) 3 (?? z) 3 (??? y-internal:36-left) 3 (...
          ((4 3 (?? z) 3 3 (?? z) 3))]
[Entering #[compound-procedure unify:internal]
    Args: ((4 (??? y-internal:36-left) 3 (?? z) 3 (??? y-internal:36-left) 3 (...
          ((4 3 (?? z) 3 3 (?? z) 3))
          (dict)
          #[compound-procedure 15]]
[(dict (y-internal:36-left () ???))
      <== #[compound-procedure unify:internal]
    Args: ((4 (??? y-internal:36-left) 3 (?? z) 3 (??? y-internal:36-left) 3 (...
          ((4 3 (?? z) 3 3 (?? z) 3))
          (dict)
          #[compound-procedure 15]]
[(dict (y-internal:36-left () ???))
      <== #[compound-procedure substitution-instance?]
    Args: ((4 (??? y-internal:36-left) 3 (?? z) 3 (??? y-internal:36-left) 3 (...
          ((4 3 (?? z) 3 3 (?? z) 3))]
[Entering #[compound-procedure substitution-instance?]
    Args: ((4 (??? y-internal:36-left) 3 (?? z) 3 (??? y-internal:36-left) 3 (...
          ((4 3 3))]
[Entering #[compound-procedure unify:internal]
    Args: ((4 (??? y-internal:36-left) 3 (?? z) 3 (??? y-internal:36-left) 3 (...
          ((4 3 3))
          (dict)
          #[compound-procedure 16]]
[#f
      <== #[compound-procedure unify:internal]
    Args: ((4 (??? y-internal:36-left) 3 (?? z) 3 (??? y-internal:36-left) 3 (...
          ((4 3 3))
          (dict)
          #[compound-procedure 16]]
[#f
      <== #[compound-procedure substitution-instance?]
    Args: ((4 (??? y-internal:36-left) 3 (?? z) 3 (??? y-internal:36-left) 3 (...
          ((4 3 3))]
[Entering #[compound-procedure substitution-instance?]
    Args: ((4 3 3))
          ((4 (??? y-internal:22-left) 3 (??? z-internal:26-left-internal:32-l...]
[#f
      <== #[compound-procedure substitution-instance?]
    Args: ((4 3 3))
          ((4 (??? y-internal:22-left) 3 (??? z-internal:26-left-internal:32-l...]
[Entering #[compound-procedure substitution-instance?]
    Args: ((4 (??? y-internal:36-left) 3 (?? z) 3 (??? y-internal:36-left) 3 (...
          ((4 (??? y-internal:22-left) 3 (??? z-internal:26-left-internal:32-l...]
[Entering #[compound-procedure unify:internal]
    Args: ((4 (??? y-internal:36-left) 3 (?? z) 3 (??? y-internal:36-left) 3 (...
          ((4 (??? y-internal:22-left) 3 (??? z-internal:26-left-internal:32-l...
          (dict)
          #[compound-procedure 17]]
[(dict (z () ??) (z-internal:26-left-internal:32-left () ???) (y-internal:22-l...
      <== #[compound-procedure unify:internal]
    Args: ((4 (??? y-internal:36-left) 3 (?? z) 3 (??? y-internal:36-left) 3 (...
          ((4 (??? y-internal:22-left) 3 (??? z-internal:26-left-internal:32-l...
          (dict)
          #[compound-procedure 17]]
[(dict (z () ??) (z-internal:26-left-internal:32-left () ???) (y-internal:22-l...
      <== #[compound-procedure substitution-instance?]
    Args: ((4 (??? y-internal:36-left) 3 (?? z) 3 (??? y-internal:36-left) 3 (...
          ((4 (??? y-internal:22-left) 3 (??? z-internal:26-left-internal:32-l...]
[Entering #[compound-procedure substitution-instance?]
    Args: ((4 3 3))
          ((4 (??? y-internal:22-left) 3 3 (??? y-internal:22-left) 3 3))]
[#f
      <== #[compound-procedure substitution-instance?]
    Args: ((4 3 3))
          ((4 (??? y-internal:22-left) 3 3 (??? y-internal:22-left) 3 3))]
[Entering #[compound-procedure substitution-instance?]
    Args: ((4 (??? y-internal:36-left) 3 (?? z) 3 (??? y-internal:36-left) 3 (...
          ((4 (??? y-internal:22-left) 3 3 (??? y-internal:22-left) 3 3))]
[Entering #[compound-procedure unify:internal]
    Args: ((4 (??? y-internal:36-left) 3 (?? z) 3 (??? y-internal:36-left) 3 (...
          ((4 (??? y-internal:22-left) 3 3 (??? y-internal:22-left) 3 3))
          (dict)
          #[compound-procedure 18]]
[(dict (z () ??) (y-internal:22-left () ???) (y-internal:36-left () ???))
      <== #[compound-procedure unify:internal]
    Args: ((4 (??? y-internal:36-left) 3 (?? z) 3 (??? y-internal:36-left) 3 (...
          ((4 (??? y-internal:22-left) 3 3 (??? y-internal:22-left) 3 3))
          (dict)
          #[compound-procedure 18]]
[(dict (z () ??) (y-internal:22-left () ???) (y-internal:36-left () ???))
      <== #[compound-procedure substitution-instance?]
    Args: ((4 (??? y-internal:36-left) 3 (?? z) 3 (??? y-internal:36-left) 3 (...
          ((4 (??? y-internal:22-left) 3 3 (??? y-internal:22-left) 3 3))]
[Entering #[compound-procedure substitution-instance?]
    Args: ((4 3 3))
          ((4 (??? y-internal:22-left) 3 (??? y-internal:22-left) 3))]
[#f
      <== #[compound-procedure substitution-instance?]
    Args: ((4 3 3))
          ((4 (??? y-internal:22-left) 3 (??? y-internal:22-left) 3))]
[Entering #[compound-procedure substitution-instance?]
    Args: ((4 (??? y-internal:36-left) 3 (?? z) 3 (??? y-internal:36-left) 3 (...
          ((4 (??? y-internal:22-left) 3 (??? y-internal:22-left) 3))]
[Entering #[compound-procedure unify:internal]
    Args: ((4 (??? y-internal:36-left) 3 (?? z) 3 (??? y-internal:36-left) 3 (...
          ((4 (??? y-internal:22-left) 3 (??? y-internal:22-left) 3))
          (dict)
          #[compound-procedure 19]]
[(dict (z () ??) (y-internal:22-left (3) ???) (y-internal:36-left () ???))
      <== #[compound-procedure unify:internal]
    Args: ((4 (??? y-internal:36-left) 3 (?? z) 3 (??? y-internal:36-left) 3 (...
          ((4 (??? y-internal:22-left) 3 (??? y-internal:22-left) 3))
          (dict)
          #[compound-procedure 19]]
[(dict (z () ??) (y-internal:22-left (3) ???) (y-internal:36-left () ???))
      <== #[compound-procedure substitution-instance?]
    Args: ((4 (??? y-internal:36-left) 3 (?? z) 3 (??? y-internal:36-left) 3 (...
          ((4 (??? y-internal:22-left) 3 (??? y-internal:22-left) 3))]
[Entering #[compound-procedure substitution-instance?]
    Args: ((4 3 3))
          ((4 (??? y-internal:22-left) 3 (??? z-internal:26-left-internal:30-l...]
[#f
      <== #[compound-procedure substitution-instance?]
    Args: ((4 3 3))
          ((4 (??? y-internal:22-left) 3 (??? z-internal:26-left-internal:30-l...]
[Entering #[compound-procedure substitution-instance?]
    Args: ((4 (??? y-internal:36-left) 3 (?? z) 3 (??? y-internal:36-left) 3 (...
          ((4 (??? y-internal:22-left) 3 (??? z-internal:26-left-internal:30-l...]
[Entering #[compound-procedure unify:internal]
    Args: ((4 (??? y-internal:36-left) 3 (?? z) 3 (??? y-internal:36-left) 3 (...
          ((4 (??? y-internal:22-left) 3 (??? z-internal:26-left-internal:30-l...
          (dict)
          #[compound-procedure 20]]
[(dict (z () ??) (z-internal:26-left-internal:30-left () ???) (y-internal:22-l...
      <== #[compound-procedure unify:internal]
    Args: ((4 (??? y-internal:36-left) 3 (?? z) 3 (??? y-internal:36-left) 3 (...
          ((4 (??? y-internal:22-left) 3 (??? z-internal:26-left-internal:30-l...
          (dict)
          #[compound-procedure 20]]
[(dict (z () ??) (z-internal:26-left-internal:30-left () ???) (y-internal:22-l...
      <== #[compound-procedure substitution-instance?]
    Args: ((4 (??? y-internal:36-left) 3 (?? z) 3 (??? y-internal:36-left) 3 (...
          ((4 (??? y-internal:22-left) 3 (??? z-internal:26-left-internal:30-l...]
[Entering #[compound-procedure substitution-instance?]
    Args: ((4 3 3))
          ((4 (??? y-internal:22-left) 3 3 (??? y-internal:22-left) 3 3))]
[#f
      <== #[compound-procedure substitution-instance?]
    Args: ((4 3 3))
          ((4 (??? y-internal:22-left) 3 3 (??? y-internal:22-left) 3 3))]
[Entering #[compound-procedure substitution-instance?]
    Args: ((4 (??? y-internal:36-left) 3 (?? z) 3 (??? y-internal:36-left) 3 (...
          ((4 (??? y-internal:22-left) 3 3 (??? y-internal:22-left) 3 3))]
[Entering #[compound-procedure unify:internal]
    Args: ((4 (??? y-internal:36-left) 3 (?? z) 3 (??? y-internal:36-left) 3 (...
          ((4 (??? y-internal:22-left) 3 3 (??? y-internal:22-left) 3 3))
          (dict)
          #[compound-procedure 21]]
[(dict (z () ??) (y-internal:22-left () ???) (y-internal:36-left () ???))
      <== #[compound-procedure unify:internal]
    Args: ((4 (??? y-internal:36-left) 3 (?? z) 3 (??? y-internal:36-left) 3 (...
          ((4 (??? y-internal:22-left) 3 3 (??? y-internal:22-left) 3 3))
          (dict)
          #[compound-procedure 21]]
[(dict (z () ??) (y-internal:22-left () ???) (y-internal:36-left () ???))
      <== #[compound-procedure substitution-instance?]
    Args: ((4 (??? y-internal:36-left) 3 (?? z) 3 (??? y-internal:36-left) 3 (...
          ((4 (??? y-internal:22-left) 3 3 (??? y-internal:22-left) 3 3))]
[Entering #[compound-procedure substitution-instance?]
    Args: ((4 3 3))
          ((4 (??? y-internal:22-left) 3 (??? y-internal:22-left) 3))]
[#f
      <== #[compound-procedure substitution-instance?]
    Args: ((4 3 3))
          ((4 (??? y-internal:22-left) 3 (??? y-internal:22-left) 3))]
[Entering #[compound-procedure substitution-instance?]
    Args: ((4 (??? y-internal:36-left) 3 (?? z) 3 (??? y-internal:36-left) 3 (...
          ((4 (??? y-internal:22-left) 3 (??? y-internal:22-left) 3))]
[Entering #[compound-procedure unify:internal]
    Args: ((4 (??? y-internal:36-left) 3 (?? z) 3 (??? y-internal:36-left) 3 (...
          ((4 (??? y-internal:22-left) 3 (??? y-internal:22-left) 3))
          (dict)
          #[compound-procedure 22]]
[(dict (z () ??) (y-internal:22-left (3) ???) (y-internal:36-left () ???))
      <== #[compound-procedure unify:internal]
    Args: ((4 (??? y-internal:36-left) 3 (?? z) 3 (??? y-internal:36-left) 3 (...
          ((4 (??? y-internal:22-left) 3 (??? y-internal:22-left) 3))
          (dict)
          #[compound-procedure 22]]
[(dict (z () ??) (y-internal:22-left (3) ???) (y-internal:36-left () ???))
      <== #[compound-procedure substitution-instance?]
    Args: ((4 (??? y-internal:36-left) 3 (?? z) 3 (??? y-internal:36-left) 3 (...
          ((4 (??? y-internal:22-left) 3 (??? y-internal:22-left) 3))]
[Entering #[compound-procedure substitution-instance?]
    Args: ((4 3 3))
          ((4 (??? z-internal:25-right) 3 (??? z-internal:25-right) 3))]
[#f
      <== #[compound-procedure substitution-instance?]
    Args: ((4 3 3))
          ((4 (??? z-internal:25-right) 3 (??? z-internal:25-right) 3))]
[Entering #[compound-procedure substitution-instance?]
    Args: ((4 (??? y-internal:36-left) 3 (?? z) 3 (??? y-internal:36-left) 3 (...
          ((4 (??? z-internal:25-right) 3 (??? z-internal:25-right) 3))]
[Entering #[compound-procedure unify:internal]
    Args: ((4 (??? y-internal:36-left) 3 (?? z) 3 (??? y-internal:36-left) 3 (...
          ((4 (??? z-internal:25-right) 3 (??? z-internal:25-right) 3))
          (dict)
          #[compound-procedure 23]]
[(dict (z () ??) (z-internal:25-right (3) ???) (y-internal:36-left () ???))
      <== #[compound-procedure unify:internal]
    Args: ((4 (??? y-internal:36-left) 3 (?? z) 3 (??? y-internal:36-left) 3 (...
          ((4 (??? z-internal:25-right) 3 (??? z-internal:25-right) 3))
          (dict)
          #[compound-procedure 23]]
[(dict (z () ??) (z-internal:25-right (3) ???) (y-internal:36-left () ???))
      <== #[compound-procedure substitution-instance?]
    Args: ((4 (??? y-internal:36-left) 3 (?? z) 3 (??? y-internal:36-left) 3 (...
          ((4 (??? z-internal:25-right) 3 (??? z-internal:25-right) 3))]
[Entering #[compound-procedure substitution-instance?]
    Args: ((4 3 3))
          ((4 3 (??? z-internal:26-left-internal:28-left) 3 3 (??? z-internal:...]
[#f
      <== #[compound-procedure substitution-instance?]
    Args: ((4 3 3))
          ((4 3 (??? z-internal:26-left-internal:28-left) 3 3 (??? z-internal:...]
[Entering #[compound-procedure substitution-instance?]
    Args: ((4 (??? y-internal:36-left) 3 (?? z) 3 (??? y-internal:36-left) 3 (...
          ((4 3 (??? z-internal:26-left-internal:28-left) 3 3 (??? z-internal:...]
[Entering #[compound-procedure unify:internal]
    Args: ((4 (??? y-internal:36-left) 3 (?? z) 3 (??? y-internal:36-left) 3 (...
          ((4 3 (??? z-internal:26-left-internal:28-left) 3 3 (??? z-internal:...
          (dict)
          #[compound-procedure 24]]
[(dict (z-internal:26-left-internal:28-left () ???) (z () ??) (y-internal:36-l...
      <== #[compound-procedure unify:internal]
    Args: ((4 (??? y-internal:36-left) 3 (?? z) 3 (??? y-internal:36-left) 3 (...
          ((4 3 (??? z-internal:26-left-internal:28-left) 3 3 (??? z-internal:...
          (dict)
          #[compound-procedure 24]]
[(dict (z-internal:26-left-internal:28-left () ???) (z () ??) (y-internal:36-l...
      <== #[compound-procedure substitution-instance?]
    Args: ((4 (??? y-internal:36-left) 3 (?? z) 3 (??? y-internal:36-left) 3 (...
          ((4 3 (??? z-internal:26-left-internal:28-left) 3 3 (??? z-internal:...]
[Entering #[compound-procedure substitution-instance?]
    Args: ((4 3 3))
          ((4 3 3 3 3))]
[Entering #[compound-procedure unify:internal]
    Args: ((4 3 3))
          ((4 3 3 3 3))
          (dict)
          #[compound-procedure 25]]
[#f
      <== #[compound-procedure unify:internal]
    Args: ((4 3 3))
          ((4 3 3 3 3))
          (dict)
          #[compound-procedure 25]]
[#f
      <== #[compound-procedure substitution-instance?]
    Args: ((4 3 3))
          ((4 3 3 3 3))]
[Entering #[compound-procedure substitution-instance?]
    Args: ((4 (??? y-internal:36-left) 3 (?? z) 3 (??? y-internal:36-left) 3 (...
          ((4 3 3 3 3))]
[Entering #[compound-procedure unify:internal]
    Args: ((4 (??? y-internal:36-left) 3 (?? z) 3 (??? y-internal:36-left) 3 (...
          ((4 3 3 3 3))
          (dict)
          #[compound-procedure 26]]
[(dict (z () ??) (y-internal:36-left () ???))
      <== #[compound-procedure unify:internal]
    Args: ((4 (??? y-internal:36-left) 3 (?? z) 3 (??? y-internal:36-left) 3 (...
          ((4 3 3 3 3))
          (dict)
          #[compound-procedure 26]]
[(dict (z () ??) (y-internal:36-left () ???))
      <== #[compound-procedure substitution-instance?]
    Args: ((4 (??? y-internal:36-left) 3 (?? z) 3 (??? y-internal:36-left) 3 (...
          ((4 3 3 3 3))]
[Entering #[compound-procedure substitution-instance?]
    Args: ((4 3 3))
          ((4 (??? y-internal:22-left) 3 (??? y-internal:22-left) 3))]
[#f
      <== #[compound-procedure substitution-instance?]
    Args: ((4 3 3))
          ((4 (??? y-internal:22-left) 3 (??? y-internal:22-left) 3))]
[Entering #[compound-procedure substitution-instance?]
    Args: ((4 (??? y-internal:36-left) 3 (?? z) 3 (??? y-internal:36-left) 3 (...
          ((4 (??? y-internal:22-left) 3 (??? y-internal:22-left) 3))]
[Entering #[compound-procedure unify:internal]
    Args: ((4 (??? y-internal:36-left) 3 (?? z) 3 (??? y-internal:36-left) 3 (...
          ((4 (??? y-internal:22-left) 3 (??? y-internal:22-left) 3))
          (dict)
          #[compound-procedure 27]]
[(dict (z () ??) (y-internal:22-left (3) ???) (y-internal:36-left () ???))
      <== #[compound-procedure unify:internal]
    Args: ((4 (??? y-internal:36-left) 3 (?? z) 3 (??? y-internal:36-left) 3 (...
          ((4 (??? y-internal:22-left) 3 (??? y-internal:22-left) 3))
          (dict)
          #[compound-procedure 27]]
[(dict (z () ??) (y-internal:22-left (3) ???) (y-internal:36-left () ???))
      <== #[compound-procedure substitution-instance?]
    Args: ((4 (??? y-internal:36-left) 3 (?? z) 3 (??? y-internal:36-left) 3 (...
          ((4 (??? y-internal:22-left) 3 (??? y-internal:22-left) 3))]
[Entering #[compound-procedure substitution-instance?]
    Args: ((4 3 3))
          ((4 (??? y-internal:22-left) 3 (??? y-internal:22-left) 3))]
[#f
      <== #[compound-procedure substitution-instance?]
    Args: ((4 3 3))
          ((4 (??? y-internal:22-left) 3 (??? y-internal:22-left) 3))]
[Entering #[compound-procedure substitution-instance?]
    Args: ((4 (??? y-internal:36-left) 3 (?? z) 3 (??? y-internal:36-left) 3 (...
          ((4 (??? y-internal:22-left) 3 (??? y-internal:22-left) 3))]
[Entering #[compound-procedure unify:internal]
    Args: ((4 (??? y-internal:36-left) 3 (?? z) 3 (??? y-internal:36-left) 3 (...
          ((4 (??? y-internal:22-left) 3 (??? y-internal:22-left) 3))
          (dict)
          #[compound-procedure 28]]
[(dict (z () ??) (y-internal:22-left (3) ???) (y-internal:36-left () ???))
      <== #[compound-procedure unify:internal]
    Args: ((4 (??? y-internal:36-left) 3 (?? z) 3 (??? y-internal:36-left) 3 (...
          ((4 (??? y-internal:22-left) 3 (??? y-internal:22-left) 3))
          (dict)
          #[compound-procedure 28]]
[(dict (z () ??) (y-internal:22-left (3) ???) (y-internal:36-left () ???))
      <== #[compound-procedure substitution-instance?]
    Args: ((4 (??? y-internal:36-left) 3 (?? z) 3 (??? y-internal:36-left) 3 (...
          ((4 (??? y-internal:22-left) 3 (??? y-internal:22-left) 3))]
[Entering #[compound-procedure substitution-instance?]
    Args: ((4 3 3))
          ((4 (?? z) 3 (?? z) 3))]
[#f
      <== #[compound-procedure substitution-instance?]
    Args: ((4 3 3))
          ((4 (?? z) 3 (?? z) 3))]
[Entering #[compound-procedure substitution-instance?]
    Args: ((4 (??? y-internal:36-left) 3 (?? z) 3 (??? y-internal:36-left) 3 (...
          ((4 (?? z) 3 (?? z) 3))]
[Entering #[compound-procedure unify:internal]
    Args: ((4 (??? y-internal:36-left) 3 (?? z) 3 (??? y-internal:36-left) 3 (...
          ((4 (?? z) 3 (?? z) 3))
          (dict)
          #[compound-procedure 29]]
[(dict (z-internal:41-right () ???) (z ((??? z-internal:42-left)) ??) (z-inter...
      <== #[compound-procedure unify:internal]
    Args: ((4 (??? y-internal:36-left) 3 (?? z) 3 (??? y-internal:36-left) 3 (...
          ((4 (?? z) 3 (?? z) 3))
          (dict)
          #[compound-procedure 29]]
[(dict (z-internal:41-right () ???) (z ((??? z-internal:42-left)) ??) (z-inter...
      <== #[compound-procedure substitution-instance?]
    Args: ((4 (??? y-internal:36-left) 3 (?? z) 3 (??? y-internal:36-left) 3 (...
          ((4 (?? z) 3 (?? z) 3))]
[Entering #[compound-procedure substitution-instance?]
    Args: ((4 3 3))
          ((4 3 (?? z) 3 3 (?? z) 3))]
[#f
      <== #[compound-procedure substitution-instance?]
    Args: ((4 3 3))
          ((4 3 (?? z) 3 3 (?? z) 3))]
[Entering #[compound-procedure substitution-instance?]
    Args: ((4 (??? y-internal:36-left) 3 (?? z) 3 (??? y-internal:36-left) 3 (...
          ((4 3 (?? z) 3 3 (?? z) 3))]
[Entering #[compound-procedure unify:internal]
    Args: ((4 (??? y-internal:36-left) 3 (?? z) 3 (??? y-internal:36-left) 3 (...
          ((4 3 (?? z) 3 3 (?? z) 3))
          (dict)
          #[compound-procedure 30]]
[(dict (y-internal:36-left () ???))
      <== #[compound-procedure unify:internal]
    Args: ((4 (??? y-internal:36-left) 3 (?? z) 3 (??? y-internal:36-left) 3 (...
          ((4 3 (?? z) 3 3 (?? z) 3))
          (dict)
          #[compound-procedure 30]]
[(dict (y-internal:36-left () ???))
      <== #[compound-procedure substitution-instance?]
    Args: ((4 (??? y-internal:36-left) 3 (?? z) 3 (??? y-internal:36-left) 3 (...
          ((4 3 (?? z) 3 3 (?? z) 3))]
[Entering #[compound-procedure substitution-instance?]
    Args: ((4 3 3))
          ((4 3 (??? z-internal:16-left-internal:20-left) 3 3 (??? z-internal:...]
[#f
      <== #[compound-procedure substitution-instance?]
    Args: ((4 3 3))
          ((4 3 (??? z-internal:16-left-internal:20-left) 3 3 (??? z-internal:...]
[Entering #[compound-procedure substitution-instance?]
    Args: ((4 (??? y-internal:36-left) 3 (?? z) 3 (??? y-internal:36-left) 3 (...
          ((4 3 (??? z-internal:16-left-internal:20-left) 3 3 (??? z-internal:...]
[Entering #[compound-procedure unify:internal]
    Args: ((4 (??? y-internal:36-left) 3 (?? z) 3 (??? y-internal:36-left) 3 (...
          ((4 3 (??? z-internal:16-left-internal:20-left) 3 3 (??? z-internal:...
          (dict)
          #[compound-procedure 31]]
[(dict (z-internal:16-left-internal:20-left () ???) (z () ??) (y-internal:36-l...
      <== #[compound-procedure unify:internal]
    Args: ((4 (??? y-internal:36-left) 3 (?? z) 3 (??? y-internal:36-left) 3 (...
          ((4 3 (??? z-internal:16-left-internal:20-left) 3 3 (??? z-internal:...
          (dict)
          #[compound-procedure 31]]
[(dict (z-internal:16-left-internal:20-left () ???) (z () ??) (y-internal:36-l...
      <== #[compound-procedure substitution-instance?]
    Args: ((4 (??? y-internal:36-left) 3 (?? z) 3 (??? y-internal:36-left) 3 (...
          ((4 3 (??? z-internal:16-left-internal:20-left) 3 3 (??? z-internal:...]
[Entering #[compound-procedure substitution-instance?]
    Args: ((4 3 3))
          ((4 3 3 3 3))]
[Entering #[compound-procedure unify:internal]
    Args: ((4 3 3))
          ((4 3 3 3 3))
          (dict)
          #[compound-procedure 32]]
[#f
      <== #[compound-procedure unify:internal]
    Args: ((4 3 3))
          ((4 3 3 3 3))
          (dict)
          #[compound-procedure 32]]
[#f
      <== #[compound-procedure substitution-instance?]
    Args: ((4 3 3))
          ((4 3 3 3 3))]
[Entering #[compound-procedure substitution-instance?]
    Args: ((4 (??? y-internal:36-left) 3 (?? z) 3 (??? y-internal:36-left) 3 (...
          ((4 3 3 3 3))]
[Entering #[compound-procedure unify:internal]
    Args: ((4 (??? y-internal:36-left) 3 (?? z) 3 (??? y-internal:36-left) 3 (...
          ((4 3 3 3 3))
          (dict)
          #[compound-procedure 33]]
[(dict (z () ??) (y-internal:36-left () ???))
      <== #[compound-procedure unify:internal]
    Args: ((4 (??? y-internal:36-left) 3 (?? z) 3 (??? y-internal:36-left) 3 (...
          ((4 3 3 3 3))
          (dict)
          #[compound-procedure 33]]
[(dict (z () ??) (y-internal:36-left () ???))
      <== #[compound-procedure substitution-instance?]
    Args: ((4 (??? y-internal:36-left) 3 (?? z) 3 (??? y-internal:36-left) 3 (...
          ((4 3 3 3 3))]
[Entering #[compound-procedure substitution-instance?]
    Args: ((4 3 3))
          ((4 3 (??? z-internal:16-left-internal:18-left) 3 3 (??? z-internal:...]
[#f
      <== #[compound-procedure substitution-instance?]
    Args: ((4 3 3))
          ((4 3 (??? z-internal:16-left-internal:18-left) 3 3 (??? z-internal:...]
[Entering #[compound-procedure substitution-instance?]
    Args: ((4 (??? y-internal:36-left) 3 (?? z) 3 (??? y-internal:36-left) 3 (...
          ((4 3 (??? z-internal:16-left-internal:18-left) 3 3 (??? z-internal:...]
[Entering #[compound-procedure unify:internal]
    Args: ((4 (??? y-internal:36-left) 3 (?? z) 3 (??? y-internal:36-left) 3 (...
          ((4 3 (??? z-internal:16-left-internal:18-left) 3 3 (??? z-internal:...
          (dict)
          #[compound-procedure 34]]
[(dict (z-internal:16-left-internal:18-left () ???) (z () ??) (y-internal:36-l...
      <== #[compound-procedure unify:internal]
    Args: ((4 (??? y-internal:36-left) 3 (?? z) 3 (??? y-internal:36-left) 3 (...
          ((4 3 (??? z-internal:16-left-internal:18-left) 3 3 (??? z-internal:...
          (dict)
          #[compound-procedure 34]]
[(dict (z-internal:16-left-internal:18-left () ???) (z () ??) (y-internal:36-l...
      <== #[compound-procedure substitution-instance?]
    Args: ((4 (??? y-internal:36-left) 3 (?? z) 3 (??? y-internal:36-left) 3 (...
          ((4 3 (??? z-internal:16-left-internal:18-left) 3 3 (??? z-internal:...]
[Entering #[compound-procedure substitution-instance?]
    Args: ((4 3 3))
          ((4 3 3 3 3))]
[Entering #[compound-procedure unify:internal]
    Args: ((4 3 3))
          ((4 3 3 3 3))
          (dict)
          #[compound-procedure 35]]
[#f
      <== #[compound-procedure unify:internal]
    Args: ((4 3 3))
          ((4 3 3 3 3))
          (dict)
          #[compound-procedure 35]]
[#f
      <== #[compound-procedure substitution-instance?]
    Args: ((4 3 3))
          ((4 3 3 3 3))]
[Entering #[compound-procedure substitution-instance?]
    Args: ((4 (??? y-internal:36-left) 3 (?? z) 3 (??? y-internal:36-left) 3 (...
          ((4 3 3 3 3))]
[Entering #[compound-procedure unify:internal]
    Args: ((4 (??? y-internal:36-left) 3 (?? z) 3 (??? y-internal:36-left) 3 (...
          ((4 3 3 3 3))
          (dict)
          #[compound-procedure 36]]
[(dict (z () ??) (y-internal:36-left () ???))
      <== #[compound-procedure unify:internal]
    Args: ((4 (??? y-internal:36-left) 3 (?? z) 3 (??? y-internal:36-left) 3 (...
          ((4 3 3 3 3))
          (dict)
          #[compound-procedure 36]]
[(dict (z () ??) (y-internal:36-left () ???))
      <== #[compound-procedure substitution-instance?]
    Args: ((4 (??? y-internal:36-left) 3 (?? z) 3 (??? y-internal:36-left) 3 (...
          ((4 3 3 3 3))]
[(pairs (((4 3 3)) dict (z () ??) (y-internal:22-left () ???) (y-internal:21-r...
      <== #[compound-procedure unify:collector-wrapper-with-substitution-uniqu...
    Args: (((?? x) 3 (?? z) 3))
          ((4 (?? y) (?? y)))
          (dict)
          #[compound-procedure 13]
          #[compound-procedure substitution-instance?]]
[Entering #[compound-procedure substitution-instance?]
    Args: ((4 (??? y-internal:36-left) 3 (?? z) 3 (??? y-internal:36-left) 3 (...
          ((4 3 3))]
[Entering #[compound-procedure unify:internal]
    Args: ((4 (??? y-internal:36-left) 3 (?? z) 3 (??? y-internal:36-left) 3 (...
          ((4 3 3))
          (dict)
          #[compound-procedure 37]]
[#f
      <== #[compound-procedure unify:internal]
    Args: ((4 (??? y-internal:36-left) 3 (?? z) 3 (??? y-internal:36-left) 3 (...
          ((4 3 3))
          (dict)
          #[compound-procedure 37]]
[#f
      <== #[compound-procedure substitution-instance?]
    Args: ((4 (??? y-internal:36-left) 3 (?? z) 3 (??? y-internal:36-left) 3 (...
          ((4 3 3))]
(pairs
 (((4 3 3)) dict
            (z () ??)
            (y-internal:22-left () ???)
            (y-internal:21-right (3) ???)
            (y (3) ??)
            (x (4) ??))
 (((4 (??? y-internal:36-left)
      3
      (?? z)
      3
      (??? y-internal:36-left)
      3
      (?? z)
      3))
  dict
  (y-internal:35-right (3 (?? z) 3) ???)
  (y ((??? y-internal:36-left) 3 (?? z) 3) ??)
  (x (4 (??? y-internal:36-left) 3 (?? z) 3 (??? y-internal:36-left)) ??)))
"---"
("4_19_d_tests test" 6)
((y () ??) (x () ??))
((x ((?? y)) ??))
((x () ??) (y () ??))
((y ((?? x)) ??))
"finish collector in unify:collector-wrapper-with-substitution-unique-pairs"
(pairs ((((?? x))) dict (y ((?? x)) ??)))
"---"
("4_19_d_tests test" 7)
((y-internal:44-left (6) ???) (y-internal:43-right (5) ???)
                              (y (6 5) ??)
                              (x (3 4 6) ??))
"finish collector in unify:collector-wrapper-with-substitution-unique-pairs"
(pairs
 (((3 4 6 5) (6 5)) dict
                    (y-internal:44-left (6) ???)
                    (y-internal:43-right (5) ???)
                    (y (6 5) ??)
                    (x (3 4 6) ??)))
"---"
("4_19_d_tests test" 8)
((y-internal:46-left (5) ???) (y-internal:45-right (3) ???)
                              (y (5 3) ??)
                              (x (4 5) ??))
"finish collector in unify:collector-wrapper-with-substitution-unique-pairs"
(pairs
 (((4 5 3) (4 5)) dict
                  (y-internal:46-left (5) ???)
                  (y-internal:45-right (3) ???)
                  (y (5 3) ??)
                  (x (4 5) ??)))
"---"
;  ... done
;... done
;Unspecified return value

1 ]=> ; (load "4_19_lib_for_4_20_possible_loop.scm")
End of input stream reached.
Pulvis et umbra sumus.
